2026-02-20 10:05:56,651 - Orchestrator - INFO - AI Employee Orchestrator initialized
2026-02-20 10:05:56,651 - Orchestrator - INFO - Vault path: .
2026-02-20 10:05:56,651 - Orchestrator - INFO - inbox: Inbox
2026-02-20 10:05:56,651 - Orchestrator - INFO - needs_action: Needs_Action
2026-02-20 10:05:56,651 - Orchestrator - INFO - done: Done
2026-02-20 10:05:56,651 - Orchestrator - INFO - plans: Plans
2026-02-20 10:05:56,651 - Orchestrator - INFO - pending_approval: Pending_Approval
2026-02-20 10:05:56,651 - Orchestrator - INFO - logs: Logs
2026-02-20 10:05:56,651 - Orchestrator - INFO - drop_folder: Drop_Folder
2026-02-20 10:05:56,651 - Orchestrator - INFO - Starting orchestrator cycle
2026-02-20 10:05:56,652 - Orchestrator - INFO - Found 0 items in Needs_Action
2026-02-20 10:05:56,652 - Orchestrator - INFO - No items in Needs_Action to process
2026-02-20 10:05:56,652 - Orchestrator - INFO - Dashboard updated
2026-02-20 10:05:56,652 - Orchestrator - INFO - Orchestrator cycle completed
2026-02-20 10:06:29,142 - Orchestrator - INFO - AI Employee Orchestrator initialized
2026-02-20 10:06:29,142 - Orchestrator - INFO - Vault path: .
2026-02-20 10:06:29,142 - Orchestrator - INFO - inbox: Inbox
2026-02-20 10:06:29,142 - Orchestrator - INFO - needs_action: Needs_Action
2026-02-20 10:06:29,142 - Orchestrator - INFO - done: Done
2026-02-20 10:06:29,142 - Orchestrator - INFO - plans: Plans
2026-02-20 10:06:29,143 - Orchestrator - INFO - pending_approval: Pending_Approval
2026-02-20 10:06:29,143 - Orchestrator - INFO - logs: Logs
2026-02-20 10:06:29,143 - Orchestrator - INFO - drop_folder: Drop_Folder
2026-02-20 10:06:29,143 - Orchestrator - INFO - Starting orchestrator cycle
2026-02-20 10:06:29,143 - Orchestrator - INFO - Found 0 items in Needs_Action
2026-02-20 10:06:29,143 - Orchestrator - INFO - No items in Needs_Action to process
2026-02-20 10:06:29,143 - Orchestrator - INFO - Dashboard updated
2026-02-20 10:06:29,143 - Orchestrator - INFO - Orchestrator cycle completed
2026-02-20 23:18:15,881 - Orchestrator - INFO - AI Employee Orchestrator initialized
2026-02-20 23:18:15,882 - Orchestrator - INFO - Vault path: .
2026-02-20 23:18:15,882 - Orchestrator - INFO - inbox: Inbox
2026-02-20 23:18:15,882 - Orchestrator - INFO - needs_action: Needs_Action
2026-02-20 23:18:15,882 - Orchestrator - INFO - done: Done
2026-02-20 23:18:15,882 - Orchestrator - INFO - plans: Plans
2026-02-20 23:18:15,882 - Orchestrator - INFO - pending_approval: Pending_Approval
2026-02-20 23:18:15,882 - Orchestrator - INFO - logs: Logs
2026-02-20 23:18:15,883 - Orchestrator - INFO - drop_folder: Drop_Folder
2026-02-20 23:18:15,883 - Orchestrator - INFO - Starting orchestrator cycle
2026-02-20 23:18:15,883 - Orchestrator - INFO - Found 0 items in Needs_Action
2026-02-20 23:18:15,884 - Orchestrator - INFO - No items in Needs_Action to process
2026-02-20 23:18:15,885 - Orchestrator - INFO - Dashboard updated
2026-02-20 23:18:15,885 - Orchestrator - INFO - Orchestrator cycle completed
2026-03-08 20:28:45,817 - Orchestrator - INFO - AI Employee Orchestrator initialized
2026-03-08 20:28:45,817 - Orchestrator - INFO - Vault path: .
2026-03-08 20:28:45,818 - Orchestrator - INFO - inbox: Inbox
2026-03-08 20:28:45,818 - Orchestrator - INFO - needs_action: Needs_Action
2026-03-08 20:28:45,818 - Orchestrator - INFO - done: Done
2026-03-08 20:28:45,818 - Orchestrator - INFO - plans: Plans
2026-03-08 20:28:45,818 - Orchestrator - INFO - pending_approval: Pending_Approval
2026-03-08 20:28:45,818 - Orchestrator - INFO - logs: Logs
2026-03-08 20:28:45,818 - Orchestrator - INFO - drop_folder: Drop_Folder
2026-03-08 20:28:45,818 - Orchestrator - INFO - Starting orchestrator cycle
2026-03-08 20:28:45,818 - Orchestrator - INFO - Found 0 items in Needs_Action
2026-03-08 20:28:45,818 - Orchestrator - INFO - No items in Needs_Action to process
2026-03-08 20:28:45,819 - Orchestrator - INFO - Dashboard updated
2026-03-08 20:28:45,819 - Orchestrator - INFO - Orchestrator cycle completed
2026-03-08 20:37:09,055 - Orchestrator - INFO - AI Employee Orchestrator initialized
2026-03-08 20:37:09,056 - Orchestrator - INFO - Vault path: .
2026-03-08 20:37:09,056 - Orchestrator - INFO - inbox: Inbox
2026-03-08 20:37:09,056 - Orchestrator - INFO - needs_action: Needs_Action
2026-03-08 20:37:09,056 - Orchestrator - INFO - done: Done
2026-03-08 20:37:09,056 - Orchestrator - INFO - plans: Plans
2026-03-08 20:37:09,056 - Orchestrator - INFO - pending_approval: Pending_Approval
2026-03-08 20:37:09,056 - Orchestrator - INFO - logs: Logs
2026-03-08 20:37:09,056 - Orchestrator - INFO - drop_folder: Drop_Folder
2026-03-08 20:37:09,056 - Orchestrator - INFO - Starting orchestrator cycle
2026-03-08 20:37:09,057 - Orchestrator - INFO - Found 8 items in Needs_Action
2026-03-08 20:37:09,057 - Orchestrator - INFO - Processing 8 items in Needs_Action
2026-03-08 20:37:09,057 - Orchestrator - INFO - Processing: FILE_DROP_2026-03-08_20-33-21_another_test.md
2026-03-08 20:37:09,058 - Orchestrator - INFO - Created plan file: PLAN_2026-03-08_20-33-21_another_test_20260308_203709.md
2026-03-08 20:37:09,058 - Orchestrator - INFO - Processing: FILE_DROP_2026-03-08_20-33-22_test_document.md
2026-03-08 20:37:09,059 - Orchestrator - INFO - Created plan file: PLAN_2026-03-08_20-33-22_test_document_20260308_203709.md
2026-03-08 20:37:09,060 - Orchestrator - INFO - Processing: FILE_DROP_2026-03-08_20-33-23_test_setup.md
2026-03-08 20:37:09,061 - Orchestrator - INFO - Created plan file: PLAN_2026-03-08_20-33-23_test_setup_20260308_203709.md
2026-03-08 20:37:09,061 - Orchestrator - INFO - Processing: FILE_DROP_2026-03-08_20-33-24_watcher_test.md
2026-03-08 20:37:09,062 - Orchestrator - INFO - Created plan file: PLAN_2026-03-08_20-33-24_watcher_test_20260308_203709.md
2026-03-08 20:37:09,062 - Orchestrator - INFO - Processing: FILE_DROP_2026-03-08_20-35-41_test_input.md
2026-03-08 20:37:09,063 - Orchestrator - INFO - Created plan file: PLAN_2026-03-08_20-35-41_test_input_20260308_203709.md
2026-03-08 20:37:09,063 - Orchestrator - INFO - Processing: FILE_DROP_2026-03-08_20-35-42_test_input.md
2026-03-08 20:37:09,064 - Orchestrator - INFO - Created plan file: PLAN_2026-03-08_20-35-42_test_input_20260308_203709.md
2026-03-08 20:37:09,064 - Orchestrator - INFO - Processing: FILE_DROP_2026-03-08_20-36-00_test_input.md
2026-03-08 20:37:09,065 - Orchestrator - INFO - Created plan file: PLAN_2026-03-08_20-36-00_test_input_20260308_203709.md
2026-03-08 20:37:09,065 - Orchestrator - INFO - Processing: FILE_DROP_2026-03-08_20-36-01_test_input.md
2026-03-08 20:37:09,066 - Orchestrator - INFO - Created plan file: PLAN_2026-03-08_20-36-01_test_input_20260308_203709.md
2026-03-08 20:37:09,067 - Orchestrator - INFO - Dashboard updated
2026-03-08 20:37:09,068 - Orchestrator - INFO - Orchestrator cycle completed
2026-03-08 20:55:34,544 - Orchestrator - INFO - AI Employee Orchestrator initialized
2026-03-08 20:55:34,544 - Orchestrator - INFO - Vault path: .
2026-03-08 20:55:34,545 - Orchestrator - INFO - inbox: Inbox
2026-03-08 20:55:34,545 - Orchestrator - INFO - needs_action: Needs_Action
2026-03-08 20:55:34,545 - Orchestrator - INFO - done: Done
2026-03-08 20:55:34,545 - Orchestrator - INFO - plans: Plans
2026-03-08 20:55:34,545 - Orchestrator - INFO - pending_approval: Pending_Approval
2026-03-08 20:55:34,546 - Orchestrator - INFO - logs: Logs
2026-03-08 20:55:34,546 - Orchestrator - INFO - drop_folder: Drop_Folder
2026-03-08 20:55:34,546 - Orchestrator - INFO - Starting orchestrator cycle
2026-03-08 20:55:34,547 - Orchestrator - INFO - Found 11 items in Needs_Action
2026-03-08 20:55:34,547 - Orchestrator - INFO - Processing 11 items in Needs_Action
2026-03-08 20:55:34,547 - Orchestrator - INFO - Processing: FILE_DROP_2026-03-08_20-33-22_test_document.md
2026-03-08 20:55:34,549 - Orchestrator - INFO - Created plan file: PLAN_2026-03-08_20-33-22_test_document_20260308_205534.md
2026-03-08 20:55:34,549 - Orchestrator - INFO - Processing: FILE_DROP_2026-03-08_20-33-23_test_setup.md
2026-03-08 20:55:34,551 - Orchestrator - INFO - Created plan file: PLAN_2026-03-08_20-33-23_test_setup_20260308_205534.md
2026-03-08 20:55:34,551 - Orchestrator - INFO - Processing: FILE_DROP_2026-03-08_20-33-24_watcher_test.md
2026-03-08 20:55:34,553 - Orchestrator - INFO - Created plan file: PLAN_2026-03-08_20-33-24_watcher_test_20260308_205534.md
2026-03-08 20:55:34,553 - Orchestrator - INFO - Processing: FILE_DROP_2026-03-08_20-35-41_test_input.md
2026-03-08 20:55:34,554 - Orchestrator - INFO - Created plan file: PLAN_2026-03-08_20-35-41_test_input_20260308_205534.md
2026-03-08 20:55:34,555 - Orchestrator - INFO - Processing: FILE_DROP_2026-03-08_20-35-42_test_input.md
2026-03-08 20:55:34,574 - Orchestrator - INFO - Created plan file: PLAN_2026-03-08_20-35-42_test_input_20260308_205534.md
2026-03-08 20:55:34,574 - Orchestrator - INFO - Processing: FILE_DROP_2026-03-08_20-36-00_test_input.md
2026-03-08 20:55:34,578 - Orchestrator - INFO - Created plan file: PLAN_2026-03-08_20-36-00_test_input_20260308_205534.md
2026-03-08 20:55:34,579 - Orchestrator - INFO - Processing: FILE_DROP_2026-03-08_20-36-01_test_input.md
2026-03-08 20:55:34,582 - Orchestrator - INFO - Created plan file: PLAN_2026-03-08_20-36-01_test_input_20260308_205534.md
2026-03-08 20:55:34,583 - Orchestrator - INFO - Processing: FILE_DROP_2026-03-08_20-39-46_hello.md
2026-03-08 20:55:34,587 - Orchestrator - INFO - Created plan file: PLAN_2026-03-08_20-39-46_hello_20260308_205534.md
2026-03-08 20:55:34,587 - Orchestrator - INFO - Processing: FILE_DROP_2026-03-08_20-39-47_hello.md
2026-03-08 20:55:34,590 - Orchestrator - INFO - Created plan file: PLAN_2026-03-08_20-39-47_hello_20260308_205534.md
2026-03-08 20:55:34,594 - Orchestrator - INFO - Processing: FILE_DROP_2026-03-08_20-54-19_test_file.md
2026-03-08 20:55:34,599 - Orchestrator - INFO - Created plan file: PLAN_2026-03-08_20-54-19_test_file_20260308_205534.md
2026-03-08 20:55:34,600 - Orchestrator - INFO - Processing: FILE_DROP_2026-03-08_20-54-20_test_file.md
2026-03-08 20:55:34,603 - Orchestrator - INFO - Created plan file: PLAN_2026-03-08_20-54-20_test_file_20260308_205534.md
2026-03-08 20:55:34,608 - Orchestrator - INFO - Dashboard updated
2026-03-08 20:55:34,609 - Orchestrator - INFO - Orchestrator cycle completed
